1666790013191 GET /
1666790017685 GET /favicon.ico
1666790069418 GET /
1666790076485 GET /api/books
1666790081688 GET /
1666790177791 GET /api/user
1666790185455 GET /api/user/
1666790223392 GET /login
1667276922623 GET /
1667276924897 GET /favicon.ico
1667276937383 GET /
1667277362900 GET /
1667277645996 GET /
1667277646805 GET /
1667277679746 GET /
1667277755057 GET /
1667277783521 GET /
1667277814022 GET /
1667278039239 GET /
1667278040424 GET /
1667278045944 GET /
1667278414849 GET /
1667278422109 GET /
1667278433738 GET /
1667278435111 GET /
1667278438420 GET /
1667278439217 GET /
1667278442869 GET /
1667278463685 GET /
1667278647730 GET /
1667278648846 GET /
1667278649330 GET /
1667278649603 GET /
1667278651970 GET /
1667278652177 GET /
1667278666578 GET /
1667278670988 GET /
1667278671515 GET /
1667278692914 GET /
1667278836213 GET /
1667278837187 GET /
1667278837628 GET /
1667278837863 GET /
1667278838070 GET /
1667278838263 GET /
1667278838470 GET /
1667279096623 GET /
1667279097962 GET /
1667279124384 GET /
1667279390741 GET /
1667279651354 GET /
1667279653180 GET /
1667279653618 GET /
1667279653858 GET /
1667279654135 GET /
1667279654354 GET /
1667279657797 GET /
1667279658083 GET /
1667279658306 GET /
1667279658547 GET /
1667279805594 GET /
1667279806411 GET /
1667279806678 GET /
1667279806869 GET /
1667279807049 GET /
1667279989280 GET /
1667280031653 GET /
1667280032778 GET /
1667280043727 GET /
1667280044586 GET /
1667280044809 GET /
1667280045050 GET /
1667280047390 GET /
1667280047581 GET /
1667280047825 GET /
1667280048030 GET /
1667280048221 GET /
1667280049013 GET /
1667280063071 GET /
1667287134668 GET /
1667287203692 GET /
1667287248108 GET /
1667287251518 GET /
1667287337835 GET /
1667287383671 GET /
1667287404372 GET /
1667287466117 GET /
1667287495076 GET /
1667287495765 GET /favicon.ico
1667287500541 GET /
1667287516830 GET /
1667287517809 GET /
1667287519346 GET /api/books
1667287523588 GET /
1667287578375 GET /
1667287581286 GET /
1667287583038 GET /
1667287583706 GET /api/books
1667287597101 GET /api/books
1667288008335 GET /
1667288010565 GET /
1667288011417 GET /api/books
1667288143934 GET /
1667288145917 GET /api/books
1667288201751 GET /api/books/
1667288205711 GET /api/books/
1667288249879 GET /api/books/55
1667288252216 GET /api/books/55
1667288395790 GET /
1667288397750 GET /api/books
1667288401247 GET /
1667288402248 GET /
1667288403676 GET /api/books
1667288468836 GET /
1667288469950 GET /
1667288471274 GET /
1667288472816 GET /api/books
1667288474323 GET /api/books
1667289012171 GET /
1667289013712 GET /api/books
1667289016623 GET /
1667289017531 GET /
1667289144335 GET /
1667289145727 GET /api/books
1667289193140 GET /
1667289195050 GET /
1667289195948 GET /
1667289196593 GET /
1667289197520 GET /api/books
1667289393172 GET /
1667289394731 GET /api/books
1667289398179 GET /
1667289399214 GET /
1667289408033 GET /api/
1667289425463 GET /index.ejs
1667289429953 GET /api/books
1667289661942 GET /
1667289664328 GET /
1667289665129 GET /api/books
1667289667769 GET /
1667289668448 GET /
1667289704253 GET /
1667289705418 GET /api/collections
1667289705441 GET /404
1667289765431 GET /
1667289766568 GET /api/collections
1667289766586 GET /404
1667289829503 GET /
1667289830566 GET /api/collections
1667289830581 GET /404
1667289859965 GET /
1667289860868 GET /api/books
1667289994914 GET /
1667289995881 GET /api/books
1667289998376 GET /
1667289999235 GET /api/books
1667290001281 GET /
1667290069668 GET /
1667290070764 GET /api/books
1667290140235 GET /
1667290141296 GET /api/books
1667290308613 GET /
1667290309915 GET /api/books
1667290318219 GET /
1667290318732 GET /
1667290378549 GET /
1667290379817 GET /api/books
1667290436881 GET /api/books
1667290438002 GET /
1667290439128 GET /api/books
1667290440652 GET /api/books/create
1667290465102 POST /api/books/create
1667290467538 GET /api/books/create
1667290523617 GET /api/books/create
1667290527311 POST /api/books/create
1667290554835 POST /api/books/create
1667290556277 GET /api/books/create
1667290558432 GET /
1667290559260 GET /api/books
1667290560182 GET /api/books/create
1667290562782 POST /api/books/create
1667290725386 GET /api/books/create
1667290726918 POST /api/books/create
1667290728663 GET /api/books/create
1667290729911 GET /
1667290731383 GET /api/books
1667290732728 GET /api/books/create
1667290735279 POST /api/books/create
1667291085643 POST /api/books/create
1667291088877 GET /api/books/create
1667291091314 GET /
1667291245375 GET /api/books
1667291247976 GET /api/books/create
1667291251230 POST /api/books/create
1667291253983 GET /api/books/create
1667291296094 GET /api/books/create
1667291299269 POST /api/books/create
1667291356800 GET /api/books/create
1667291357991 GET /
1667291358942 GET /api/books
1667291362369 GET /api/books/create
1667291367492 POST /api/books/create
1667291368967 GET /api/books/create
1667291372527 POST /api/books/create
1667291401877 GET /api/books/create
1667291405180 POST /api/books/create
1667291475063 GET /api/books/create
1667291476709 GET /
1667291477585 GET /api/books
1667291485014 GET /api/books/create
1667291488508 POST /api/books/create
1667291587682 GET /api/books/create
1667291588854 GET /
1667291589508 GET /api/books
1667291590346 GET /api/books/create
1667291593085 POST /api/books/create
1667291649280 GET /api/books/create
1667291650998 POST /api/books/create
1667291652649 GET /api/books/create
1667291658364 POST /api/books/create
